app/build/intermediates/manifest_merge_blame_file/release/processReleaseMainManifest/manifest-merger-blame-release-report.txt
1<?xml version="1.0" encoding="utf-8"?>
2<manifest xmlns:android="http://schemas.android.com/apk/res/android"
3    package="com.zygisk_enc.RecorderX"
4    android:versionCode="2"
5    android:versionName="1.1.0" >
6
7    <uses-sdk
7-->INJECTED
8        android:minSdkVersion="29"
8-->INJECTED
9        android:targetSdkVersion="34" />
9-->INJECTED
10
11    <uses-permission android:name="android.permission.FOREGROUND_SERVICE" />
11-->src/main/AndroidManifest.xml:4:5-77
11-->src/main/AndroidManifest.xml:4:22-74
12    <uses-permission android:name="android.permission.FOREGROUND_SERVICE_MEDIA_PROJECTION" />
12-->src/main/AndroidManifest.xml:5:5-94
12-->src/main/AndroidManifest.xml:5:22-91
13    <uses-permission android:name="android.permission.FOREGROUND_SERVICE_MICROPHONE" />
13-->src/main/AndroidManifest.xml:6:5-88
13-->src/main/AndroidManifest.xml:6:22-85
14    <uses-permission android:name="android.permission.POST_NOTIFICATIONS" />
14-->src/main/AndroidManifest.xml:7:5-77
14-->src/main/AndroidManifest.xml:7:22-74
15    <uses-permission android:name="android.permission.RECORD_AUDIO" />
15-->src/main/AndroidManifest.xml:8:5-71
15-->src/main/AndroidManifest.xml:8:22-68
16    <uses-permission
16-->src/main/AndroidManifest.xml:9:5-108
17        android:name="android.permission.WRITE_EXTERNAL_STORAGE"
17-->src/main/AndroidManifest.xml:9:22-78
18        android:maxSdkVersion="28" />
18-->src/main/AndroidManifest.xml:9:79-105
19
20    <permission
20-->[androidx.core:core:1.9.0] AndroidManifest.xml:22:5-24:47
21        android:name="com.zygisk_enc.RecorderX.DYNAMIC_RECEIVER_NOT_EXPORTED_PERMISSION"
21-->[androidx.core:core:1.9.0] AndroidManifest.xml:23:9-81
22        android:protectionLevel="signature" />
22-->[androidx.core:core:1.9.0] AndroidManifest.xml:24:9-44
23
24    <uses-permission android:name="com.zygisk_enc.RecorderX.DYNAMIC_RECEIVER_NOT_EXPORTED_PERMISSION" />
24-->[androidx.core:core:1.9.0] AndroidManifest.xml:26:5-97
24-->[androidx.core:core:1.9.0] AndroidManifest.xml:26:22-94
25
26    <application
26-->src/main/AndroidManifest.xml:11:5-59:19
27        android:allowBackup="true"
27-->src/main/AndroidManifest.xml:12:9-35
28        android:appComponentFactory="androidx.core.app.CoreComponentFactory"
28-->[androidx.core:core:1.9.0] AndroidManifest.xml:28:18-86
29        android:extractNativeLibs="false"
29-->INJECTED
30        android:icon="@mipmap/ic_launcher"
30-->src/main/AndroidManifest.xml:13:9-43
31        android:label="RecorderX"
31-->src/main/AndroidManifest.xml:14:9-34
32        android:roundIcon="@mipmap/ic_launcher"
32-->src/main/AndroidManifest.xml:15:9-48
33        android:supportsRtl="true"
33-->src/main/AndroidManifest.xml:16:9-35
34        android:theme="@style/Theme.RecorderX" >
34-->src/main/AndroidManifest.xml:17:9-47
35        <provider
35-->INJECTED
36            android:name="androidx.core.content.FileProvider"
36-->src/main/AndroidManifest.xml:20:13-62
37            android:authorities="com.zygisk_enc.RecorderX.provider"
37-->INJECTED
38            android:exported="false"
38-->src/main/AndroidManifest.xml:22:13-37
39            android:grantUriPermissions="true" >
39-->src/main/AndroidManifest.xml:23:13-47
40            <meta-data
40-->src/main/AndroidManifest.xml:24:13-26:54
41                android:name="android.support.FILE_PROVIDER_PATHS"
41-->src/main/AndroidManifest.xml:25:17-67
42                android:resource="@xml/file_paths" />
42-->src/main/AndroidManifest.xml:26:17-51
43        </provider>
44
45        <activity
45-->src/main/AndroidManifest.xml:29:9-36:20
46            android:name="com.zygisk_enc.RecorderX.MainActivity"
46-->src/main/AndroidManifest.xml:30:13-41
47            android:exported="true" >
47-->src/main/AndroidManifest.xml:31:13-36
48            <intent-filter>
48-->src/main/AndroidManifest.xml:32:13-35:29
49                <action android:name="android.intent.action.MAIN" />
49-->src/main/AndroidManifest.xml:33:17-69
49-->src/main/AndroidManifest.xml:33:25-66
50
51                <category android:name="android.intent.category.LAUNCHER" />
51-->src/main/AndroidManifest.xml:34:17-77
51-->src/main/AndroidManifest.xml:34:27-74
52            </intent-filter>
53        </activity>
54        <activity
54-->src/main/AndroidManifest.xml:38:9-42:40
55            android:name="com.zygisk_enc.RecorderX.RequestCaptureActivity"
55-->src/main/AndroidManifest.xml:39:13-51
56            android:excludeFromRecents="true"
56-->src/main/AndroidManifest.xml:41:13-46
57            android:exported="false"
57-->src/main/AndroidManifest.xml:42:13-37
58            android:theme="@android:style/Theme.Translucent.NoTitleBar" />
58-->src/main/AndroidManifest.xml:40:13-72
59
60        <service
60-->src/main/AndroidManifest.xml:44:9-47:74
61            android:name="com.zygisk_enc.RecorderX.RecorderService"
61-->src/main/AndroidManifest.xml:45:13-44
62            android:exported="false"
62-->src/main/AndroidManifest.xml:46:13-37
63            android:foregroundServiceType="mediaProjection|microphone" />
63-->src/main/AndroidManifest.xml:47:13-71
64        <service
64-->src/main/AndroidManifest.xml:49:9-58:19
65            android:name="com.zygisk_enc.RecorderX.RecorderTileService"
65-->src/main/AndroidManifest.xml:50:13-48
66            android:exported="true"
66-->src/main/AndroidManifest.xml:51:13-36
67            android:icon="@drawable/ic_record"
67-->src/main/AndroidManifest.xml:53:13-47
68            android:label="@string/qs_label"
68-->src/main/AndroidManifest.xml:52:13-45
69            android:permission="android.permission.BIND_QUICK_SETTINGS_TILE" >
69-->src/main/AndroidManifest.xml:54:13-77
70            <intent-filter>
70-->src/main/AndroidManifest.xml:55:13-57:29
71                <action android:name="android.service.quicksettings.action.QS_TILE" />
71-->src/main/AndroidManifest.xml:56:17-87
71-->src/main/AndroidManifest.xml:56:25-84
72            </intent-filter>
73        </service>
74
75        <provider
75-->[androidx.emoji2:emoji2:1.2.0] AndroidManifest.xml:24:9-32:20
76            android:name="androidx.startup.InitializationProvider"
76-->[androidx.emoji2:emoji2:1.2.0] AndroidManifest.xml:25:13-67
77            android:authorities="com.zygisk_enc.RecorderX.androidx-startup"
77-->[androidx.emoji2:emoji2:1.2.0] AndroidManifest.xml:26:13-68
78            android:exported="false" >
78-->[androidx.emoji2:emoji2:1.2.0] AndroidManifest.xml:27:13-37
79            <meta-data
79-->[androidx.emoji2:emoji2:1.2.0] AndroidManifest.xml:29:13-31:52
80                android:name="androidx.emoji2.text.EmojiCompatInitializer"
80-->[androidx.emoji2:emoji2:1.2.0] AndroidManifest.xml:30:17-75
81                android:value="androidx.startup" />
81-->[androidx.emoji2:emoji2:1.2.0] AndroidManifest.xml:31:17-49
82            <meta-data
82-->[androidx.lifecycle:lifecycle-process:2.6.1] AndroidManifest.xml:29:13-31:52
83                android:name="androidx.lifecycle.ProcessLifecycleInitializer"
83-->[androidx.lifecycle:lifecycle-process:2.6.1] AndroidManifest.xml:30:17-78
84                android:value="androidx.startup" />
84-->[androidx.lifecycle:lifecycle-process:2.6.1] AndroidManifest.xml:31:17-49
85            <meta-data
85-->[androidx.profileinstaller:profileinstaller:1.3.0] AndroidManifest.xml:29:13-31:52
86                android:name="androidx.profileinstaller.ProfileInstallerInitializer"
86-->[androidx.profileinstaller:profileinstaller:1.3.0] AndroidManifest.xml:30:17-85
87                android:value="androidx.startup" />
87-->[androidx.profileinstaller:profileinstaller:1.3.0] AndroidManifest.xml:31:17-49
88        </provider>
89
90        <receiver
90-->[androidx.profileinstaller:profileinstaller:1.3.0] AndroidManifest.xml:34:9-52:20
91            android:name="androidx.profileinstaller.ProfileInstallReceiver"
91-->[androidx.profileinstaller:profileinstaller:1.3.0] AndroidManifest.xml:35:13-76
92            android:directBootAware="false"
92-->[androidx.profileinstaller:profileinstaller:1.3.0] AndroidManifest.xml:36:13-44
93            android:enabled="true"
93-->[androidx.profileinstaller:profileinstaller:1.3.0] AndroidManifest.xml:37:13-35
94            android:exported="true"
94-->[androidx.profileinstaller:profileinstaller:1.3.0] AndroidManifest.xml:38:13-36
95            android:permission="android.permission.DUMP" >
95-->[androidx.profileinstaller:profileinstaller:1.3.0] AndroidManifest.xml:39:13-57
96            <intent-filter>
96-->[androidx.profileinstaller:profileinstaller:1.3.0] AndroidManifest.xml:40:13-42:29
97                <action android:name="androidx.profileinstaller.action.INSTALL_PROFILE" />
97-->[androidx.profileinstaller:profileinstaller:1.3.0] AndroidManifest.xml:41:17-91
97-->[androidx.profileinstaller:profileinstaller:1.3.0] AndroidManifest.xml:41:25-88
98            </intent-filter>
99            <intent-filter>
99-->[androidx.profileinstaller:profileinstaller:1.3.0] AndroidManifest.xml:43:13-45:29
100                <action android:name="androidx.profileinstaller.action.SKIP_FILE" />
100-->[androidx.profileinstaller:profileinstaller:1.3.0] AndroidManifest.xml:44:17-85
100-->[androidx.profileinstaller:profileinstaller:1.3.0] AndroidManifest.xml:44:25-82
101            </intent-filter>
102            <intent-filter>
102-->[androidx.profileinstaller:profileinstaller:1.3.0] AndroidManifest.xml:46:13-48:29
103                <action android:name="androidx.profileinstaller.action.SAVE_PROFILE" />
103-->[androidx.profileinstaller:profileinstaller:1.3.0] AndroidManifest.xml:47:17-88
103-->[androidx.profileinstaller:profileinstaller:1.3.0] AndroidManifest.xml:47:25-85
104            </intent-filter>
105            <intent-filter>
105-->[androidx.profileinstaller:profileinstaller:1.3.0] AndroidManifest.xml:49:13-51:29
106                <action android:name="androidx.profileinstaller.action.BENCHMARK_OPERATION" />
106-->[androidx.profileinstaller:profileinstaller:1.3.0] AndroidManifest.xml:50:17-95
106-->[androidx.profileinstaller:profileinstaller:1.3.0] AndroidManifest.xml:50:25-92
107            </intent-filter>
108        </receiver>
109    </application>
110
111</manifest>